Accuracy: 86.43%
Precision: 0.7893850042123
Recall: 0.6515994436717664
F1: 0.7139047619047619
Confusion matrix: [[3848  250]
 [ 501  937]]
Classification Report:               precision    recall  f1-score   support

           0       0.88      0.94      0.91      4098
           1       0.79      0.65      0.71      1438

    accuracy                           0.86      5536
   macro avg       0.84      0.80      0.81      5536
weighted avg       0.86      0.86      0.86      5536

Accuracy: 86.20%
Precision: 0.7834061135371179
Recall: 0.6348195329087049
F1: 0.7013291634089132
Confusion matrix: [[3875  248]
 [ 516  897]]
Classification Report:               precision    recall  f1-score   support

           0       0.88      0.94      0.91      4123
           1       0.78      0.63      0.70      1413

    accuracy                           0.86      5536
   macro avg       0.83      0.79      0.81      5536
weighted avg       0.86      0.86      0.86      5536

Accuracy: 86.20%
Precision: 0.7834061135371179
Recall: 0.6348195329087049
F1: 0.7013291634089132
Confusion matrix: [[3875  248]
 [ 516  897]]
Classification Report:               precision    recall  f1-score   support

           0       0.88      0.94      0.91      4123
           1       0.78      0.63      0.70      1413

    accuracy                           0.86      5536
   macro avg       0.83      0.79      0.81      5536
weighted avg       0.86      0.86      0.86      5536

Accuracy: 86.20%
Precision: 0.7834061135371179
Recall: 0.6348195329087049
F1: 0.7013291634089132
Confusion matrix: [[3875  248]
 [ 516  897]]
Classification Report:               precision    recall  f1-score   support

           0       0.88      0.94      0.91      4123
           1       0.78      0.63      0.70      1413

    accuracy                           0.86      5536
   macro avg       0.83      0.79      0.81      5536
weighted avg       0.86      0.86      0.86      5536

Accuracy: 86.20%
Precision: 0.7834061135371179
Recall: 0.6348195329087049
F1: 0.7013291634089132
Confusion matrix: [[3875  248]
 [ 516  897]]
Classification Report:               precision    recall  f1-score   support

           0       0.88      0.94      0.91      4123
           1       0.78      0.63      0.70      1413

    accuracy                           0.86      5536
   macro avg       0.83      0.79      0.81      5536
weighted avg       0.86      0.86      0.86      5536

Accuracy: 86.20%
Precision: 0.7834061135371179
Recall: 0.6348195329087049
F1: 0.7013291634089132
Confusion matrix: [[3875  248]
 [ 516  897]]
Classification Report:               precision    recall  f1-score   support

           0       0.88      0.94      0.91      4123
           1       0.78      0.63      0.70      1413

    accuracy                           0.86      5536
   macro avg       0.83      0.79      0.81      5536
weighted avg       0.86      0.86      0.86      5536

Accuracy: 86.20%
Precision: 0.7834061135371179
Recall: 0.6348195329087049
F1: 0.7013291634089132
Confusion matrix: [[3875  248]
 [ 516  897]]
Classification Report:               precision    recall  f1-score   support

           0       0.88      0.94      0.91      4123
           1       0.78      0.63      0.70      1413

    accuracy                           0.86      5536
   macro avg       0.83      0.79      0.81      5536
weighted avg       0.86      0.86      0.86      5536

